Using pre-set license
Built from '2021.3/staging' branch; Version is '2021.3.45f1 (0da89fac8e79) revision 895135'; Using compiler version '192829333'; Build Type 'Release'
OS: 'Windows 10  (10.0.19045) 64bit Core' Language: 'en' Physical Memory: 16147 MB
BatchMode: 1, IsHumanControllingUs: 0, StartBugReporterOnCrash: 0, Is64bit: 1, IsPro: 1

COMMAND LINE ARGUMENTS:
C:\Program Files\Unity\Hub\Editor\2021.3.45f1\Editor\Unity.exe
-adb2
-batchMode
-noUpm
-name
AssetImportWorker3
-projectPath
C:/Users/besho/Desktop/Zombieee
-logFile
Logs/AssetImportWorker3.log
-srvPort
49942
Successfully changed project path to: C:/Users/besho/Desktop/Zombieee
C:/Users/besho/Desktop/Zombieee
[UnityMemory] Configuration Parameters - Can be set up in boot.config
    "memorysetup-bucket-allocator-granularity=16"
    "memorysetup-bucket-allocator-bucket-count=8"
    "memorysetup-bucket-allocator-block-size=33554432"
    "memorysetup-bucket-allocator-block-count=8"
    "memorysetup-main-allocator-block-size=16777216"
    "memorysetup-thread-allocator-block-size=16777216"
    "memorysetup-gfx-main-allocator-block-size=16777216"
    "memorysetup-gfx-thread-allocator-block-size=16777216"
    "memorysetup-cache-allocator-block-size=4194304"
    "memorysetup-typetree-allocator-block-size=2097152"
    "memorysetup-profiler-bucket-allocator-granularity=16"
    "memorysetup-profiler-bucket-allocator-bucket-count=8"
    "memorysetup-profiler-bucket-allocator-block-size=33554432"
    "memorysetup-profiler-bucket-allocator-block-count=8"
    "memorysetup-profiler-allocator-block-size=16777216"
    "memorysetup-profiler-editor-allocator-block-size=1048576"
    "memorysetup-temp-allocator-size-main=16777216"
    "memorysetup-job-temp-allocator-block-size=2097152"
    "memorysetup-job-temp-allocator-block-size-background=1048576"
    "memorysetup-job-temp-allocator-reduction-small-platforms=262144"
    "memorysetup-temp-allocator-size-background-worker=32768"
    "memorysetup-temp-allocator-size-job-worker=262144"
    "memorysetup-temp-allocator-size-preload-manager=33554432"
    "memorysetup-temp-allocator-size-nav-mesh-worker=65536"
    "memorysetup-temp-allocator-size-audio-worker=65536"
    "memorysetup-temp-allocator-size-cloud-worker=32768"
    "memorysetup-temp-allocator-size-gi-baking-worker=262144"
    "memorysetup-temp-allocator-size-gfx=262144"
Player connection [9540] Host "[IP] 192.168.1.160 [Port] 0 [Flags] 2 [Guid] 2118874870 [EditorId] 2118874870 [Version] 1048832 [Id] WindowsEditor(7,DESKTOP-TCR90G3) [Debug] 1 [PackageName] WindowsEditor [ProjectName] Editor" joined multi-casting on [225.0.0.222:54997]...

Player connection [9540] Host "[IP] 192.168.1.160 [Port] 0 [Flags] 2 [Guid] 2118874870 [EditorId] 2118874870 [Version] 1048832 [Id] WindowsEditor(7,DESKTOP-TCR90G3) [Debug] 1 [PackageName] WindowsEditor [ProjectName] Editor" joined alternative multi-casting on [225.0.0.222:34997]...

[Physics::Module] Initialized MultithreadedJobDispatcher with {0} workers.
Refreshing native plugins compatible for Editor in 147.02 ms, found 3 plugins.
Preloading 0 native plugins for Editor in 0.00 ms.
Initialize engine version: 2021.3.45f1 (0da89fac8e79)
[Subsystems] Discovering subsystems at path C:/Program Files/Unity/Hub/Editor/2021.3.45f1/Editor/Data/Resources/UnitySubsystems
[Subsystems] Discovering subsystems at path C:/Users/besho/Desktop/Zombieee/Assets
GfxDevice: creating device client; threaded=0; jobified=0
Direct3D:
    Version:  Direct3D 11.0 [level 11.1]
    Renderer: NVIDIA GeForce RTX 3050 Ti Laptop GPU (ID=0x25a0)
    Vendor:   NVIDIA
    VRAM:     3990 MB
    Driver:   27.21.14.6262
Initialize mono
Mono path[0] = 'C:/Program Files/Unity/Hub/Editor/2021.3.45f1/Editor/Data/Managed'
Mono path[1] = 'C:/Program Files/Unity/Hub/Editor/2021.3.45f1/Editor/Data/MonoBleedingEdge/lib/mono/unityjit-win32'
Mono config path = 'C:/Program Files/Unity/Hub/Editor/2021.3.45f1/Editor/Data/MonoBleedingEdge/etc'
Using monoOptions --debugger-agent=transport=dt_socket,embedding=1,server=y,suspend=n,address=127.0.0.1:56624
Begin MonoManager ReloadAssembly
Registering precompiled unity dll's ...
Register platform support module: C:/Program Files/Unity/Hub/Editor/2021.3.45f1/Editor/Data/PlaybackEngines/WindowsStandaloneSupport/UnityEditor.WindowsStandalone.Extensions.dll
Registered in 0.011139 seconds.
Native extension for WindowsStandalone target not found
Refreshing native plugins compatible for Editor in 145.13 ms, found 3 plugins.
Preloading 0 native plugins for Editor in 0.00 ms.
Mono: successfully reloaded assembly
- Completed reload, in  1.124 seconds
Domain Reload Profiling:
	ReloadAssembly (1125ms)
		BeginReloadAssembly (163ms)
			ExecutionOrderSort (0ms)
			DisableScriptedObjects (0ms)
			BackupInstance (0ms)
			ReleaseScriptingObjects (0ms)
			CreateAndSetChildDomain (1ms)
		EndReloadAssembly (780ms)
			LoadAssemblies (159ms)
			RebuildTransferFunctionScriptingTraits (0ms)
			SetupTypeCache (176ms)
			ReleaseScriptCaches (0ms)
			RebuildScriptCaches (44ms)
			SetupLoadedEditorAssemblies (489ms)
				LogAssemblyErrors (0ms)
				InitializePlatformSupportModulesInManaged (13ms)
				SetLoadedEditorAssemblies (0ms)
				RefreshPlugins (145ms)
				BeforeProcessingInitializeOnLoad (2ms)
				ProcessInitializeOnLoadAttributes (251ms)
				ProcessInitializeOnLoadMethodAttributes (78ms)
				AfterProcessingInitializeOnLoad (0ms)
				EditorAssembliesLoaded (0ms)
			ExecutionOrderSort2 (0ms)
			AwakeInstancesAfterBackupRestoration (0ms)
Platform modules already initialized, skipping
Registering precompiled user dll's ...
Registered in 0.011554 seconds.
Begin MonoManager ReloadAssembly
Native extension for WindowsStandalone target not found
Refreshing native plugins compatible for Editor in 148.95 ms, found 3 plugins.
Preloading 0 native plugins for Editor in 0.00 ms.
Package Manager log level set to [2]
[Package Manager] Server::EnsureServerProcessIsRunning -- launch failed, reason: Unity was launched with the -noUpm command-line argument
[Package Manager] Cannot connect to Unity Package Manager local server
Mono: successfully reloaded assembly
- Completed reload, in  2.695 seconds
Domain Reload Profiling:
	ReloadAssembly (2697ms)
		BeginReloadAssembly (213ms)
			ExecutionOrderSort (0ms)
			DisableScriptedObjects (9ms)
			BackupInstance (0ms)
			ReleaseScriptingObjects (0ms)
			CreateAndSetChildDomain (29ms)
		EndReloadAssembly (2301ms)
			LoadAssemblies (192ms)
			RebuildTransferFunctionScriptingTraits (0ms)
			SetupTypeCache (540ms)
			ReleaseScriptCaches (1ms)
			RebuildScriptCaches (109ms)
			SetupLoadedEditorAssemblies (1437ms)
				LogAssemblyErrors (0ms)
				InitializePlatformSupportModulesInManaged (7ms)
				SetLoadedEditorAssemblies (0ms)
				RefreshPlugins (149ms)
				BeforeProcessingInitializeOnLoad (146ms)
				ProcessInitializeOnLoadAttributes (994ms)
				ProcessInitializeOnLoadMethodAttributes (127ms)
				AfterProcessingInitializeOnLoad (13ms)
				EditorAssembliesLoaded (0ms)
			ExecutionOrderSort2 (0ms)
			AwakeInstancesAfterBackupRestoration (9ms)
Platform modules already initialized, skipping
========================================================================
Worker process is ready to serve import requests
Launched and connected shader compiler UnityShaderCompiler.exe after 0.06 seconds
Refreshing native plugins compatible for Editor in 1.63 ms, found 3 plugins.
Preloading 0 native plugins for Editor in 0.00 ms.
Unloading 5381 Unused Serialized files (Serialized files now loaded: 0)
Unloading 50 unused Assets / (0.8 MB). Loaded Objects now: 5845.
Memory consumption went from 215.6 MB to 214.8 MB.
Total: 5.898800 ms (FindLiveObjects: 0.662000 ms CreateObjectMapping: 0.336500 ms MarkObjects: 4.390100 ms  DeleteObjects: 0.508500 ms)

AssetImportParameters requested are different than current active one (requested -> active):
  custom:video-decoder-ogg-theora: a1e56fd34408186e4bbccfd4996cb3dc -> 
  custom:container-muxer-webm: aa71ff27fc2769a1b78a27578f13a17b -> 
  custom:container-demuxer-webm: 4f35f7cbe854078d1ac9338744f61a02 -> 
  custom:video-encoder-webm-vp8: eb34c28f22e8b96e1ab97ce403110664 -> 
  custom:CustomObjectIndexerAttribute: 6b0e35c9178b02a6363f3721b7b8e397 -> 
  custom:audio-encoder-webm-vorbis: bf7c407c2cedff20999df2af8eb42d56 -> 
  custom:framework-win-MediaFoundation: 216162199b28c13a410421893ffa2e32 -> 
  custom:SearchIndexIgnoredProperties: e643bd26f0fe6173181afceb89e7c659 -> 
  custom:container-demuxer-ogg: 62fdf1f143b41e24485cea50d1cbac27 -> 
  custom:video-decoder-webm-vp8: 9c59270c3fd7afecdb556c50c9e8de78 -> 
  custom:audio-decoder-ogg-vorbis: bf7c407c2cedff20999df2af8eb42d56 -> 
========================================================================
Received Import Request.
  Time since last request: 1204.246812 seconds.
  path: Assets/Environment/uploads_files_3195006_ForestPack/Preview/Preview_2.png
  artifactKey: Guid(09479b0ddf6a9d240895fb4b8738db38) Importer(815301076,1909f56bfc062723c751e8b465ee728b)
Number of updated assets reloaded before import = 0
Start importing Assets/Environment/uploads_files_3195006_ForestPack/Preview/Preview_2.png using Guid(09479b0ddf6a9d240895fb4b8738db38) Importer(815301076,1909f56bfc062723c751e8b465ee728b)  -> (artifact id: '18a28b61f32129a74ff58670a836fc27') in 0.187691 seconds 
Number of asset objects unloaded after import = 2
========================================================================
Received Import Request.
  Time since last request: 0.000034 seconds.
  path: Assets/Environment/uploads_files_3195006_ForestPack/Preview/Preview_5.png
  artifactKey: Guid(af41426edcd7e024c97321240fc56d74) Importer(815301076,1909f56bfc062723c751e8b465ee728b)
Number of updated assets reloaded before import = 0
Start importing Assets/Environment/uploads_files_3195006_ForestPack/Preview/Preview_5.png using Guid(af41426edcd7e024c97321240fc56d74) Importer(815301076,1909f56bfc062723c751e8b465ee728b)  -> (artifact id: 'd62b9a3b13a94ce5b6599277ee1a9c54') in 0.029485 seconds 
Number of asset objects unloaded after import = 2
========================================================================
Received Import Request.
  Time since last request: 152.737328 seconds.
  path: Assets/Environment/New folder/textures/02_N_map.png
  artifactKey: Guid(5cc90122724c7654a862de6afc6d33fa) Importer(815301076,1909f56bfc062723c751e8b465ee728b)
Number of updated assets reloaded before import = 0
Start importing Assets/Environment/New folder/textures/02_N_map.png using Guid(5cc90122724c7654a862de6afc6d33fa) Importer(815301076,1909f56bfc062723c751e8b465ee728b)  -> (artifact id: '527d50e0af2b64fc056a8168cb8d1a09') in 0.045592 seconds 
Number of asset objects unloaded after import = 2
========================================================================
Received Import Request.
  Time since last request: 0.000038 seconds.
  path: Assets/Environment/New folder/textures/03_M_map.png
  artifactKey: Guid(88916d6fd8ba5964d94f6d21c93feb77) Importer(815301076,1909f56bfc062723c751e8b465ee728b)
Number of updated assets reloaded before import = 0
Start importing Assets/Environment/New folder/textures/03_M_map.png using Guid(88916d6fd8ba5964d94f6d21c93feb77) Importer(815301076,1909f56bfc062723c751e8b465ee728b)  -> (artifact id: 'ff9bf0a3bc9e8385b4c56d1d1e8d84e5') in 0.038795 seconds 
Number of asset objects unloaded after import = 2
========================================================================
Received Import Request.
  Time since last request: 248.289759 seconds.
  path: Assets/Environment/New folder/uploads_files_5118101_Plane (2).prefab
  artifactKey: Guid(416a996cd2000964f9a90efc191ab329) Importer(815301076,1909f56bfc062723c751e8b465ee728b)
Number of updated assets reloaded before import = 0
Start importing Assets/Environment/New folder/uploads_files_5118101_Plane (2).prefab using Guid(416a996cd2000964f9a90efc191ab329) Importer(815301076,1909f56bfc062723c751e8b465ee728b)  -> (artifact id: '840504d0a24ac5970b0d2dd52d34fb78') in 0.176810 seconds 
Number of asset objects unloaded after import = 10
========================================================================
Received Import Request.
  Time since last request: 0.000050 seconds.
  path: Assets/Environment/New folder/uploads_files_5118101_Plane (5).prefab
  artifactKey: Guid(f7acf6120f1a11548b770b2fcbce7aa9) Importer(815301076,1909f56bfc062723c751e8b465ee728b)
Number of updated assets reloaded before import = 0
Start importing Assets/Environment/New folder/uploads_files_5118101_Plane (5).prefab using Guid(f7acf6120f1a11548b770b2fcbce7aa9) Importer(815301076,1909f56bfc062723c751e8b465ee728b)  -> (artifact id: '9d1879ebe62a3bd4e8ef78fc1af82ac7') in 0.032934 seconds 
Number of asset objects unloaded after import = 10
========================================================================
Received Import Request.
  Time since last request: 0.000047 seconds.
  path: Assets/Environment/New folder/uploads_files_5118101_Plane (15).prefab
  artifactKey: Guid(b0bdfc507e68b52458515a81397acb11) Importer(815301076,1909f56bfc062723c751e8b465ee728b)
Number of updated assets reloaded before import = 0
Start importing Assets/Environment/New folder/uploads_files_5118101_Plane (15).prefab using Guid(b0bdfc507e68b52458515a81397acb11) Importer(815301076,1909f56bfc062723c751e8b465ee728b)  -> (artifact id: '8a8ed5d9c5808a2153cada7a379f42ce') in 0.033856 seconds 
Number of asset objects unloaded after import = 10
========================================================================
Received Import Request.
  Time since last request: 0.000024 seconds.
  path: Assets/Environment/New folder/uploads_files_5118101_Plane (3).prefab
  artifactKey: Guid(478377f9c2b582a4b82fdac9780c195f) Importer(815301076,1909f56bfc062723c751e8b465ee728b)
Number of updated assets reloaded before import = 0
Start importing Assets/Environment/New folder/uploads_files_5118101_Plane (3).prefab using Guid(478377f9c2b582a4b82fdac9780c195f) Importer(815301076,1909f56bfc062723c751e8b465ee728b)  -> (artifact id: 'cdeff14e22795f3ffc47534ef1abdbaf') in 0.033683 seconds 
Number of asset objects unloaded after import = 10
========================================================================
Received Import Request.
  Time since last request: 0.000030 seconds.
  path: Assets/Environment/New folder/uploads_files_5118101_Plane (16).prefab
  artifactKey: Guid(1756afe2082a04b418451fd0819163be) Importer(815301076,1909f56bfc062723c751e8b465ee728b)
Number of updated assets reloaded before import = 0
Start importing Assets/Environment/New folder/uploads_files_5118101_Plane (16).prefab using Guid(1756afe2082a04b418451fd0819163be) Importer(815301076,1909f56bfc062723c751e8b465ee728b)  -> (artifact id: 'edcf65015e069c125ca92473a3a3e06a') in 0.032344 seconds 
Number of asset objects unloaded after import = 10
========================================================================
Received Import Request.
  Time since last request: 0.000030 seconds.
  path: Assets/Environment/New folder/uploads_files_5118101_Plane (6).prefab
  artifactKey: Guid(76dc448b316568a42aec6e8fcd86c10f) Importer(815301076,1909f56bfc062723c751e8b465ee728b)
Number of updated assets reloaded before import = 0
Start importing Assets/Environment/New folder/uploads_files_5118101_Plane (6).prefab using Guid(76dc448b316568a42aec6e8fcd86c10f) Importer(815301076,1909f56bfc062723c751e8b465ee728b)  -> (artifact id: '0c4d5866113d368161269b807cf3e429') in 0.033291 seconds 
Number of asset objects unloaded after import = 10
========================================================================
Received Import Request.
  Time since last request: 0.000036 seconds.
  path: Assets/Environment/New folder/uploads_files_5118101_Plane (13).prefab
  artifactKey: Guid(a679511c69394a14ba65406f98d615ae) Importer(815301076,1909f56bfc062723c751e8b465ee728b)
Number of updated assets reloaded before import = 0
Start importing Assets/Environment/New folder/uploads_files_5118101_Plane (13).prefab using Guid(a679511c69394a14ba65406f98d615ae) Importer(815301076,1909f56bfc062723c751e8b465ee728b)  -> (artifact id: '490788215532d4fb0743e4ce12f2bf17') in 0.037888 seconds 
Number of asset objects unloaded after import = 10
Editor requested this worker to shutdown with reason: Scaling down because of idle timeout
AssetImportWorker is now disconnected from the server
Process exiting
Exiting without the bug reporter. Application will terminate with return code 0